make all --print-data-base --no-builtin-variables --no-builtin-rules --question
# GNU Make 4.3
 
# Built for x86_64-pc-linux-gnu
 
# Copyright (C) 1988-2020 Free Software Foundation, Inc.
 
# License GPLv3+: GNU GPL version 3 or later <http://gnu.org/licenses/gpl.html>
 
# This is free software: you are free to change and redistribute it.
 
# There is NO WARRANTY, to the extent permitted by law.
 

 
# Make data base, printed on Tue May 31 11:02:30 2022
 

# Variables
 

 
# environment
 
GDK_BACKEND = x11
 
# environment
 
LC_ALL = C
 
# environment
 
VSCODE_IPC_HOOK_EXTHOST = /run/user/1000/vscode-ipc-5da591d4-26a9-4eb2-bbe7-e89dc6a24c45.sock
 
# environment
 
LC_NAME = sv_SE.UTF-8
# environment
LC_NUMERIC = sv_SE.UTF-8
# environment
VSCODE_CWD = /home/simon
# environment
LC_ADDRESS = sv_SE.UTF-8
# environment
GDM_LANG = en_US
# default
MAKE_COMMAND := make
# environment
QT_ACCESSIBILITY = 1
# automatic
@D = $(patsubst %/,%,$(dir $@))
# environment
VSCODE_HANDLES_UNCAUGHT_ERRORS = true
# default
.VARIABLES := 
# environment
PWD = /home/simon/Desktop/Labb-3/Labb-3
# automatic
%D = $(patsubst %/,%,$(dir $%))
# environment
XDG_DATA_DIRS = /usr/share/xubuntu:/usr/share/xfce4:/usr/local/share:/usr/share:/var/lib/snapd/desktop:/usr/share
# automatic
^D = $(patsubst %/,%,$(dir $^))
# environment
VSCODE_LOG_STACK = false
# automatic
%F = $(notdir $%)
# environment
VSCODE_CODE_CACHE_PATH = /home/simon/.config/Code/CachedData/c3511e6c69bb39013c4a4b7b9566ec1ca73fc4d5
# environment
XDG_SESSION_PATH = /org/freedesktop/DisplayManager/Session0
# environment
LANG = C
# environment
XAUTHORITY = /home/simon/.Xauthority
# default
.LOADED := 
# default
.INCLUDE_DIRS = /usr/local/include /usr/include /usr/include
# makefile
MAKEFLAGS = pqrR
# makefile
CURDIR := /home/simon/Desktop/Labb-3/Labb-3
# environment
VSCODE_PIPE_LOGGING = true
# environment
APPLICATION_INSIGHTS_NO_DIAGNOSTIC_CHANNEL = 1
# environment
LESSOPEN = | /usr/bin/lesspipe %s
# automatic
*D = $(patsubst %/,%,$(dir $*))
# environment
MFLAGS = -pqrR
# environment
SSH_AUTH_SOCK = /run/user/1000/keyring/ssh
# default
.SHELLFLAGS := -c
# environment
XDG_CONFIG_DIRS = /etc/xdg/xdg-xubuntu:/etc/xdg:/etc/xdg
# automatic
+D = $(patsubst %/,%,$(dir $+))
# environment
XDG_SESSION_DESKTOP = xubuntu
# makefile (from 'Makefile', line 1)
MAKEFILE_LIST := Makefile
# automatic
@F = $(notdir $@)
# environment
VSCODE_VERBOSE_LOGGING = true
# environment
VSCODE_PID = 9973
# environment
XDG_SESSION_TYPE = x11
# automatic
?D = $(patsubst %/,%,$(dir $?))
# environment
CLUTTER_BACKEND = x11
# makefile (from 'Makefile', line 3)
PROGRAMS = client server
# environment
SESSION_MANAGER = local/simon-VirtualBox:@/tmp/.ICE-unix/763,unix/simon-VirtualBox:/tmp/.ICE-unix/763
# automatic
*F = $(notdir $*)
# environment
QT_QPA_PLATFORMTHEME = gtk2
# environment
CHROME_DESKTOP = code-url-handler.desktop
# environment
DBUS_SESSION_BUS_ADDRESS = unix:path=/run/user/1000/bus
# automatic
<D = $(patsubst %/,%,$(dir $<))
# environment
VSCODE_NLS_CONFIG = {"locale":"en-us","availableLanguages":{},"_languagePackSupport":true}
# default
MAKE_HOST := x86_64-pc-linux-gnu
# makefile
SHELL = /bin/sh
# default
MAKECMDGOALS := all
# environment
SHLVL = 0
# environment
MAKELEVEL := 0
# default
MAKE = $(MAKE_COMMAND)
# environment
PATH = /usr/local/sbin:/usr/local/bin:/usr/sbin:/usr/bin:/sbin:/bin:/usr/games:/usr/local/games:/snap/bin
# default
MAKEFILES := 
# environment
LANGUAGE = en_US
# environment
LC_MONETARY = sv_SE.UTF-8
# automatic
^F = $(notdir $^)
# environment
LC_TIME = sv_SE.UTF-8
# environment
VSCODE_LOG_NATIVE = false
# environment
LC_TELEPHONE = sv_SE.UTF-8
# environment
LESSCLOSE = /usr/bin/lesspipe %s %s
# automatic
?F = $(notdir $?)
# environment
XDG_SEAT = seat0
# environment
XDG_CURRENT_DESKTOP = XFCE
# environment
LS_COLORS = 
# automatic
+F = $(notdir $+)
# environment
XDG_SEAT_PATH = /org/freedesktop/DisplayManager/Seat0
# environment
DESKTOP_SESSION = xubuntu
# environment
ORIGINAL_XDG_CURRENT_DESKTOP = XFCE
# 'override' directive
GNUMAKEFLAGS := 
# environment
LOGNAME = simon
# environment
XDG_VTNR = 7
# makefile
.DEFAULT_GOAL := all
# environment
DISPLAY = :0.0
# environment
USER = simon
# default
MAKE_VERSION := 4.3
# environment
LC_MEASUREMENT = sv_SE.UTF-8
# environment
_ = /usr/share/code/code
# environment
LC_PAPER = sv_SE.UTF-8
# environment
XDG_RUNTIME_DIR = /run/user/1000
# makefile (from 'Makefile', line 2)
CFLAGS = -Wall
# environment
GPG_AGENT_INFO = /run/user/1000/gnupg/S.gpg-agent:0:1
# environment
GTK_OVERLAY_SCROLLING = 0
# environment
XDG_SESSION_CLASS = user
# environment
VSCODE_AMD_ENTRYPOINT = vs/workbench/api/node/extensionHostProcess
# environment
HOME = /home/simon
# environment
ELECTRON_RUN_AS_NODE = 1
# environment
VSCODE_IPC_HOOK = /run/user/1000/vscode-1a88d1bc-1.67.2-main.sock
# environment
XDG_SESSION_ID = c1
# default
.RECIPEPREFIX := 
# automatic
<F = $(notdir $<)
# default
SUFFIXES := 
# environment
XDG_GREETER_DATA_DIR = /var/lib/lightdm-data/simon
# default
.FEATURES := target-specific order-only second-expansion else-if shortest-stem undefine oneshell nocomment grouped-target extra-prereqs archives jobserver output-sync check-symlink load
# makefile (from 'Makefile', line 1)
CC = gcc
# environment
XDG_MENU_PREFIX = xfce-
# environment
GDMSESSION = xubuntu
# environment
LC_IDENTIFICATION = sv_SE.UTF-8
# variable set hash-table stats:
# Load=104/1024=10%, Rehash=0, Collisions=4/135=3%

# Pattern-specific Variable Values

# No pattern-specific variable values.

# Directories

# . (device 2051, inode 936372): 12 files, no impossibilities.

# 12 files, no impossibilities in 1 directories.

# Implicit Rules

# No implicit rules.

# Files

client: client.c data.c data.h
#  Implicit rule search has not been done.
#  Last modified 2022-05-31 11:01:50.148662606
#  File has been updated.
#  Successfully updated.
#  recipe to execute (from 'Makefile', line 8):
	${CC} ${CFLAGS} -o client client.c data.c data.h

# Not a target:
Makefile:
#  Implicit rule search has been done.
#  Last modified 2022-05-31 11:01:45.353085054
#  File has been updated.
#  Successfully updated.

# Not a target:
data.h:
#  Implicit rule search has been done.
#  Last modified 2022-05-31 10:43:51.224861342
#  File has been updated.
#  Successfully updated.

clean:
#  Implicit rule search has not been done.
#  Modification time never checked.
#  File has not been updated.
#  recipe to execute (from 'Makefile', line 14):
	rm -f ${PROGRAMS}

# Not a target:
server.c:
#  Implicit rule search has been done.
#  Last modified 2022-05-31 11:01:03.456968405
#  File has been updated.
#  Successfully updated.

server: server.c data.c data.h
#  Implicit rule search has not been done.
#  Last modified 2022-05-31 11:01:50.352644745
#  File has been updated.
#  Successfully updated.
#  recipe to execute (from 'Makefile', line 11):
	${CC} ${CFLAGS} -o server server.c data.c data.h

# Not a target:
.DEFAULT:
#  Implicit rule search has not been done.
#  Modification time never checked.
#  File has not been updated.

# Not a target:
client.c:
#  Implicit rule search has been done.
#  Last modified 2022-05-31 10:51:38.229652503
#  File has been updated.
#  Successfully updated.

all: client server
#  Command line target.
 
#  Implicit rule search has been done.
 
#  File does not exist.
#  File has been updated.
#  Successfully updated.

# Not a target:
data.c:
#  Implicit rule search has been done.
#  Last modified 2022-05-31 10:59:02.391694028
#  File has been updated.
#  Successfully updated.

# files hash-table stats:
# Load=11/1024=1%, Rehash=0, Collisions=0/32=0%
# VPATH Search Paths

# No 'vpath' search paths.

# No general ('VPATH' variable) search path.

# strcache buffers: 1 (0) / strings = 18 / storage = 145 B / avg = 8 B
# current buf: size = 8162 B / used = 145 B / count = 18 / avg = 8 B

# strcache performance: lookups = 37 / hit rate = 51%
# hash-table stats:
# Load=18/8192=0%, Rehash=0, Collisions=0/37=0%
# Finished Make data base on Tue May 31 11:02:30 2022

 
